Build started 6/29/2014 11:38:17 AM.
     1>Project "c:\Users\jake\documents\visual studio 2010\Projects\Climo Net Basic\Climo Net Basic\Climo Net Basic.vcxproj" on node 2 (build target(s)).
     1>InitializeBuildStatus:
         Creating "Debug\Climo Net Basic.unsuccessfulbuild" because "AlwaysCreate" was specified.
       ClCompile:
         All outputs are up-to-date.
         c:\Program Files (x86)\Microsoft Visual Studio 10.0\VC\bin\CL.exe /c /ZI /nologo /W3 /WX- /Od /Oy- /D WIN32 /D _DEBUG /D _CONSOLE /D _UNICODE /D UNICODE /Gm /EHsc /RTC1 /MDd /GS /fp:precise /Zc:wchar_t /Zc:forScope /Yu"StdAfx.h" /Fp"Debug\Climo Net Basic.pch" /Fo"Debug\\" /Fd"Debug\vc100.pdb" /Gd /TP /analyze- /errorReport:prompt "Climo Net Basic.cpp"
         Climo Net Basic.cpp
       Link:
         c:\Program Files (x86)\Microsoft Visual Studio 10.0\VC\bin\link.exe /ERRORREPORT:PROMPT /OUT:"c:\users\jake\documents\visual studio 2010\Projects\Climo Net Basic\Debug\Climo Net Basic.exe" /INCREMENTAL:NO /NOLOGO kernel32.lib user32.lib gdi32.lib winspool.lib comdlg32.lib advapi32.lib shell32.lib ole32.lib oleaut32.lib uuid.lib odbc32.lib odbccp32.lib /MANIFEST /ManifestFile:"Debug\Climo Net Basic.exe.intermediate.manifest" /MANIFESTUAC:"level='asInvoker' uiAccess='false'" /DEBUG /PDB:"c:\users\jake\documents\visual studio 2010\Projects\Climo Net Basic\Debug\Climo Net Basic.pdb" /SUBSYSTEM:CONSOLE /TLBID:1 /DYNAMICBASE /NXCOMPAT /IMPLIB:"c:\users\jake\documents\visual studio 2010\Projects\Climo Net Basic\Debug\Climo Net Basic.lib" /MACHINE:X86 "Debug\Climo Net Basic.obj"
         Debug\stdafx.obj
     1>Climo Net Basic.obj : warning LNK4075: ignoring '/EDITANDCONTINUE' due to '/INCREMENTAL:NO' specification
         Climo Net Basic.vcxproj -> c:\users\jake\documents\visual studio 2010\Projects\Climo Net Basic\Debug\Climo Net Basic.exe
       Manifest:
         C:\Program Files (x86)\Microsoft SDKs\Windows\v7.0A\bin\mt.exe /nologo /verbose /outputresource:"c:\users\jake\documents\visual studio 2010\Projects\Climo Net Basic\Debug\Climo Net Basic.exe;#1" /manifest "Debug\Climo Net Basic.exe.intermediate.manifest"
       FinalizeBuildStatus:
         Deleting file "Debug\Climo Net Basic.unsuccessfulbuild".
         Touching "Debug\Climo Net Basic.lastbuildstate".
     1>Done Building Project "c:\Users\jake\documents\visual studio 2010\Projects\Climo Net Basic\Climo Net Basic\Climo Net Basic.vcxproj" (build target(s)).

Build succeeded.

Time Elapsed 00:00:00.44
